# JRE version: Java(TM) SE Runtime Environment (8.0_151-b12) (build 1.8.0_151-b12)
# Java VM: Java HotSpot(TM) 64-Bit Server VM (25.151-b12 mixed mode windows-amd64 compressed oops)
Heap:
 PSYoungGen      total 339456K, used 129093K [0x00000000d5e00000, 0x00000000eff00000, 0x0000000100000000)
  eden space 314880K, 40% used [0x00000000d5e00000,0x00000000ddc11710,0x00000000e9180000)
  from space 24576K, 0% used [0x00000000ead80000,0x00000000ead80000,0x00000000ec580000)
  to   space 28672K, 0% used [0x00000000e9180000,0x00000000e9180000,0x00000000ead80000)
 ParOldGen       total 129024K, used 44267K [0x0000000081a00000, 0x0000000089800000, 0x00000000d5e00000)
  object space 129024K, 34% used [0x0000000081a00000,0x000000008453af10,0x0000000089800000)
 Metaspace       used 65523K, capacity 66218K, committed 66472K, reserved 1107968K
  class space    used 8105K, capacity 8275K, committed 8360K, reserved 1048576K
GC Heap History (10 events):
Event: 29.620 GC heap before
{Heap before GC invocations=11 (full 2):
 PSYoungGen      total 222208K, used 17914K [0x00000000d5e00000, 0x00000000ea600000, 0x0000000100000000)
  eden space 204288K, 0% used [0x00000000d5e00000,0x00000000d5e00000,0x00000000e2580000)
  from space 17920K, 99% used [0x00000000e2580000,0x00000000e36fe998,0x00000000e3700000)
  to   space 22016K, 0% used [0x00000000e9080000,0x00000000e9080000,0x00000000ea600000)
 ParOldGen       total 58880K, used 26087K [0x0000000081a00000, 0x0000000085380000, 0x00000000d5e00000)
  object space 58880K, 44% used [0x0000000081a00000,0x0000000083379f80,0x0000000085380000)
 Metaspace       used 34972K, capacity 35382K, committed 35496K, reserved 1081344K
  class space    used 4323K, capacity 4493K, committed 4520K, reserved 1048576K
Event: 29.800 GC heap after
Heap after GC invocations=11 (full 2):
 PSYoungGen      total 222208K, used 0K [0x00000000d5e00000, 0x00000000ea600000, 0x0000000100000000)
  eden space 204288K, 0% used [0x00000000d5e00000,0x00000000d5e00000,0x00000000e2580000)
  from space 17920K, 0% used [0x00000000e2580000,0x00000000e2580000,0x00000000e3700000)
  to   space 22016K, 0% used [0x00000000e9080000,0x00000000e9080000,0x00000000ea600000)
 ParOldGen       total 108544K, used 39296K [0x0000000081a00000, 0x0000000088400000, 0x00000000d5e00000)
  object space 108544K, 36% used [0x0000000081a00000,0x0000000084060340,0x0000000088400000)
 Metaspace       used 34972K, capacity 35382K, committed 35496K, reserved 1081344K
  class space    used 4323K, capacity 4493K, committed 4520K, reserved 1048576K
}
Event: 35.616 GC heap before
{Heap before GC invocations=12 (full 2):
 PSYoungGen      total 222208K, used 204288K [0x00000000d5e00000, 0x00000000ea600000, 0x0000000100000000)
  eden space 204288K, 100% used [0x00000000d5e00000,0x00000000e2580000,0x00000000e2580000)
  from space 17920K, 0% used [0x00000000e2580000,0x00000000e2580000,0x00000000e3700000)
  to   space 22016K, 0% used [0x00000000e9080000,0x00000000e9080000,0x00000000ea600000)
 ParOldGen       total 108544K, used 39296K [0x0000000081a00000, 0x0000000088400000, 0x00000000d5e00000)
  object space 108544K, 36% used [0x0000000081a00000,0x0000000084060340,0x0000000088400000)
 Metaspace       used 50014K, capacity 50518K, committed 50728K, reserved 1093632K
  class space    used 6547K, capacity 6685K, committed 6696K, reserved 1048576K
Event: 35.636 GC heap after
Heap after GC invocations=12 (full 2):
 PSYoungGen      total 277504K, used 17503K [0x00000000d5e00000, 0x00000000ea200000, 0x0000000100000000)
  eden space 259584K, 0% used [0x00000000d5e00000,0x00000000d5e00000,0x00000000e5b80000)
  from space 17920K, 97% used [0x00000000e9080000,0x00000000ea197f90,0x00000000ea200000)
  to   space 23040K, 0% used [0x00000000e7500000,0x00000000e7500000,0x00000000e8b80000)
 ParOldGen       total 108544K, used 39304K [0x0000000081a00000, 0x0000000088400000, 0x00000000d5e00000)
  object space 108544K, 36% used [0x0000000081a00000,0x0000000084062340,0x0000000088400000)
 Metaspace       used 50014K, capacity 50518K, committed 50728K, reserved 1093632K
  class space    used 6547K, capacity 6685K, committed 6696K, reserved 1048576K
}
Event: 212.342 GC heap before
{Heap before GC invocations=13 (full 2):
 PSYoungGen      total 277504K, used 277087K [0x00000000d5e00000, 0x00000000ea200000, 0x0000000100000000)
  eden space 259584K, 100% used [0x00000000d5e00000,0x00000000e5b80000,0x00000000e5b80000)
  from space 17920K, 97% used [0x00000000e9080000,0x00000000ea197f90,0x00000000ea200000)
  to   space 23040K, 0% used [0x00000000e7500000,0x00000000e7500000,0x00000000e8b80000)
 ParOldGen       total 108544K, used 39304K [0x0000000081a00000, 0x0000000088400000, 0x00000000d5e00000)
  object space 108544K, 36% used [0x0000000081a00000,0x0000000084062340,0x0000000088400000)
 Metaspace       used 56149K, capacity 56734K, committed 57000K, reserved 1099776K
  class space    used 7310K, capacity 7468K, committed 7592K, reserved 1048576K
Event: 212.382 GC heap after
Heap after GC invocations=13 (full 2):
 PSYoungGen      total 308736K, used 17897K [0x00000000d5e00000, 0x00000000ec580000, 0x0000000100000000)
  eden space 285696K, 0% used [0x00000000d5e00000,0x00000000d5e00000,0x00000000e7500000)
  from space 23040K, 77% used [0x00000000e7500000,0x00000000e867a4c0,0x00000000e8b80000)
  to   space 24576K, 0% used [0x00000000ead80000,0x00000000ead80000,0x00000000ec580000)
 ParOldGen       total 108544K, used 39312K [0x0000000081a00000, 0x0000000088400000, 0x00000000d5e00000)
  object space 108544K, 36% used [0x0000000081a00000,0x0000000084064340,0x0000000088400000)
 Metaspace       used 56149K, capacity 56734K, committed 57000K, reserved 1099776K
  class space    used 7310K, capacity 7468K, committed 7592K, reserved 1048576K
}
Event: 213.791 GC heap before
{Heap before GC invocations=14 (full 2):
 PSYoungGen      total 308736K, used 66105K [0x00000000d5e00000, 0x00000000ec580000, 0x0000000100000000)
  eden space 285696K, 16% used [0x00000000d5e00000,0x00000000d8d142e8,0x00000000e7500000)
  from space 23040K, 77% used [0x00000000e7500000,0x00000000e867a4c0,0x00000000e8b80000)
  to   space 24576K, 0% used [0x00000000ead80000,0x00000000ead80000,0x00000000ec580000)
 ParOldGen       total 108544K, used 39312K [0x0000000081a00000, 0x0000000088400000, 0x00000000d5e00000)
  object space 108544K, 36% used [0x0000000081a00000,0x0000000084064340,0x0000000088400000)
 Metaspace       used 58301K, capacity 58942K, committed 59160K, reserved 1101824K
  class space    used 7581K, capacity 7756K, committed 7848K, reserved 1048576K
Event: 213.821 GC heap after
Heap after GC invocations=14 (full 2):
 PSYoungGen      total 339456K, used 24553K [0x00000000d5e00000, 0x00000000eff00000, 0x0000000100000000)
  eden space 314880K, 0% used [0x00000000d5e00000,0x00000000d5e00000,0x00000000e9180000)
  from space 24576K, 99% used [0x00000000ead80000,0x00000000ec57a628,0x00000000ec580000)
  to   space 28672K, 0% used [0x00000000e9180000,0x00000000e9180000,0x00000000ead80000)
 ParOldGen       total 108544K, used 42064K [0x0000000081a00000, 0x0000000088400000, 0x00000000d5e00000)
  object space 108544K, 38% used [0x0000000081a00000,0x0000000084314038,0x0000000088400000)
 Metaspace       used 58301K, capacity 58942K, committed 59160K, reserved 1101824K
  class space    used 7581K, capacity 7756K, committed 7848K, reserved 1048576K
}
Event: 213.821 GC heap before
{Heap before GC invocations=15 (full 3):
 PSYoungGen      total 339456K, used 24553K [0x00000000d5e00000, 0x00000000eff00000, 0x0000000100000000)
  eden space 314880K, 0% used [0x00000000d5e00000,0x00000000d5e00000,0x00000000e9180000)
  from space 24576K, 99% used [0x00000000ead80000,0x00000000ec57a628,0x00000000ec580000)
  to   space 28672K, 0% used [0x00000000e9180000,0x00000000e9180000,0x00000000ead80000)
 ParOldGen       total 108544K, used 42064K [0x0000000081a00000, 0x0000000088400000, 0x00000000d5e00000)
  object space 108544K, 38% used [0x0000000081a00000,0x0000000084314038,0x0000000088400000)
 Metaspace       used 58301K, capacity 58942K, committed 59160K, reserved 1101824K
  class space    used 7581K, capacity 7756K, committed 7848K, reserved 1048576K
Event: 214.054 GC heap after
Heap after GC invocations=15 (full 3):
 PSYoungGen      total 339456K, used 0K [0x00000000d5e00000, 0x00000000eff00000, 0x0000000100000000)
  eden space 314880K, 0% used [0x00000000d5e00000,0x00000000d5e00000,0x00000000e9180000)
  from space 24576K, 0% used [0x00000000ead80000,0x00000000ead80000,0x00000000ec580000)
  to   space 28672K, 0% used [0x00000000e9180000,0x00000000e9180000,0x00000000ead80000)
 ParOldGen       total 129024K, used 44267K [0x0000000081a00000, 0x0000000089800000, 0x00000000d5e00000)
  object space 129024K, 34% used [0x0000000081a00000,0x000000008453af10,0x0000000089800000)
 Metaspace       used 58301K, capacity 58942K, committed 59160K, reserved 1101824K
  class space    used 7581K, capacity 7756K, committed 7848K, reserved 1048576K
}

